#
# There is insufficient memory for the Java Runtime Environment to continue.
# Native memory allocation (mmap) failed to map 268435456 bytes for Failed to commit area from 0x0000000701c00000 to 0x0000000711c00000 of length 268435456.
# Possible reasons:
#   The system is out of physical RAM or swap space
#   The process is running with CompressedOops enabled, and the Java Heap may be blocking the growth of the native heap
# Possible solutions:
#   Reduce memory load on the system
#   Increase physical memory or swap space
#   Check if swap backing store is full
#   Decrease Java heap size (-Xmx/-Xms)
#   Decrease number of Java threads
#   Decrease Java thread stack sizes (-Xss)
#   Set larger code cache with -XX:ReservedCodeCacheSize=
# This output file may be truncated or incomplete.
#
#  Out of Memory Error (./src/hotspot/os/windows/os_windows.cpp:3303), pid=10236, tid=26784
#
# JRE version:  (11.0.8+10) (build )
# Java VM: OpenJDK 64-Bit Server VM (11.0.8+10-b944.6842174, mixed mode, sharing, tiered, compressed oops, g1 gc, windows-amd64)
# No core dump will be written. Minidumps are not enabled by default on client versions of Windows
#

---------------  S U M M A R Y ------------

Command Line: -ea -Didea.test.cyclic.buffer.size=1048576 -javaagent:C:\AndroidStudio\lib\idea_rt.jar=54274:C:\AndroidStudio\bin -Dfile.encoding=UTF-8 com.intellij.rt.junit.JUnitStarter -ideVersion5 -junit4 com.armius.dicoding.storyapp.ui.login.LoginViewModelTest

Host: Intel(R) Core(TM) i7-7500U CPU @ 2.70GHz, 4 cores, 15G,  Windows 10 , 64 bit Build 19041 (10.0.19041.1889)
Time: Thu Oct 13 00:32:10 2022 SE Asia Standard Time elapsed time: 0 seconds (0d 0h 0m 0s)

---------------  T H R E A D  ---------------

Current thread (0x000001cbce385000):  JavaThread "Unknown thread" [_thread_in_vm, id=26784, stack(0x0000009bfb400000,0x0000009bfb500000)]

Stack: [0x0000009bfb400000,0x0000009bfb500000]
Native frames: (J=compiled Java code, j=interpreted, Vv=VM code, C=native code)
V  [jvm.dll+0x5de50a]
V  [jvm.dll+0x7122f5]
V  [jvm.dll+0x71384d]
V  [jvm.dll+0x713f03]
V  [jvm.dll+0x23e728]
V  [jvm.dll+0x5db9a4]
V  [jvm.dll+0x5d0ae5]
V  [jvm.dll+0x2fb20b]
V  [jvm.dll+0x2fb17a]
V  [jvm.dll+0x2fb052]
V  [jvm.dll+0x2fff16]
V  [jvm.dll+0x348743]
V  [jvm.dll+0x348e46]
V  [jvm.dll+0x348843]
V  [jvm.dll+0x2d5d68]
V  [jvm.dll+0x2d6f07]
V  [jvm.dll+0x6f11f7]
V  [jvm.dll+0x6f29ec]
V  [jvm.dll+0x355cb9]
V  [jvm.dll+0x6d4ade]
V  [jvm.dll+0x3bdfe3]
V  [jvm.dll+0x3c0201]
C  [jli.dll+0x5373]
C  [ucrtbase.dll+0x21bb2]
C  [KERNEL32.DLL+0x17034]
C  [ntdll.dll+0x526a1]


---------------  P R O C E S S  ---------------

Threads class SMR info:
_java_thread_list=0x000001cbcc2d68b0, length=0, elements={
}

Java Threads: ( => current thread )

Other Threads:
  0x000001cbce39d000 GCTaskThread "GC Thread#0" [stack: 0x0000009bfb500000,0x0000009bfb600000] [id=10688]
  0x000001cbcc38c800 ConcurrentGCThread "G1 Main Marker" [stack: 0x0000009bfb600000,0x0000009bfb700000] [id=24744]
  0x000001cbcc38e000 ConcurrentGCThread "G1 Conc#0" [stack: 0x0000009bfb700000,0x0000009bfb800000] [id=5720]

[error occurred during error reporting (printing all threads), id 0xc0000005, EXCEPTION_ACCESS_VIOLATION (0xc0000005) at pc=0x00007ff88b816357]

VM state:not at safepoint (not fully initialized)

VM Mutex/Monitor currently owned by a thread:  ([mutex/lock_event])
[0x000001cbce382990] Heap_lock - owner thread: 0x000001cbce385000

Heap address: 0x0000000701c00000, size: 4068 MB, Compressed Oops mode: Non-zero based: 0x0000000701c00000
Narrow klass base: 0x0000000000000000, Narrow klass shift: 0

GC Heap History (0 events):
No events

Deoptimization events (0 events):
No events

Classes redefined (0 events):
No events

Internal exceptions (0 events):
No events

Events (1 events):
Event: 0.009 Loaded shared library C:\AndroidStudio\jre\bin\zip.dll


Dynamic libraries:
0x00007ff612410000 - 0x00007ff61241a000 	C:\AndroidStudio\jre\bin\java.exe
0x00007ff9051d0000 - 0x00007ff9053c8000 	C:\WINDOWS\SYSTEM32\ntdll.dll
0x00007ff903df0000 - 0x00007ff903ead000 	C:\WINDOWS\System32\KERNEL32.DLL
0x00007ff9029b0000 - 0x00007ff902c7e000 	C:\WINDOWS\System32\KERNELBASE.dll
0x00007ff903010000 - 0x00007ff903110000 	C:\WINDOWS\System32\ucrtbase.dll
0x00007ff8ec680000 - 0x00007ff8ec697000 	C:\AndroidStudio\jre\bin\VCRUNTIME140.dll
0x00007ff8ec050000 - 0x00007ff8ec069000 	C:\AndroidStudio\jre\bin\jli.dll
0x00007ff904630000 - 0x00007ff9047d0000 	C:\WINDOWS\System32\USER32.dll
0x00007ff902f90000 - 0x00007ff902fb2000 	C:\WINDOWS\System32\win32u.dll
0x00007ff8edd70000 - 0x00007ff8ee00a000 	C:\WINDOWS\WinSxS\amd64_microsoft.windows.common-controls_6595b64144ccf1df_6.0.19041.1110_none_60b5254171f9507e\COMCTL32.dll
0x00007ff9035d0000 - 0x00007ff9035fa000 	C:\WINDOWS\System32\GDI32.dll
0x00007ff903d50000 - 0x00007ff903dee000 	C:\WINDOWS\System32\msvcrt.dll
0x00007ff902c80000 - 0x00007ff902d8b000 	C:\WINDOWS\System32\gdi32full.dll
0x00007ff902d90000 - 0x00007ff902e2d000 	C:\WINDOWS\System32\msvcp_win.dll
0x00007ff9037f0000 - 0x00007ff903820000 	C:\WINDOWS\System32\IMM32.DLL
0x00007ff8d1990000 - 0x00007ff8d1a2d000 	C:\AndroidStudio\jre\bin\msvcp140.dll
0x00007ff88b530000 - 0x00007ff88bfec000 	C:\AndroidStudio\jre\bin\server\jvm.dll
0x00007ff903230000 - 0x00007ff9032de000 	C:\WINDOWS\System32\ADVAPI32.dll
0x00007ff903750000 - 0x00007ff9037ec000 	C:\WINDOWS\System32\sechost.dll
0x00007ff904070000 - 0x00007ff904195000 	C:\WINDOWS\System32\RPCRT4.dll
0x00007ff9041a0000 - 0x00007ff9041a8000 	C:\WINDOWS\System32\PSAPI.DLL
0x00007ff8fca50000 - 0x00007ff8fca77000 	C:\WINDOWS\SYSTEM32\WINMM.dll
0x00007ff8fce50000 - 0x00007ff8fce5a000 	C:\WINDOWS\SYSTEM32\VERSION.dll
0x00007ff8fc0a0000 - 0x00007ff8fc0a9000 	C:\WINDOWS\SYSTEM32\WSOCK32.dll
0x00007ff903eb0000 - 0x00007ff903f1b000 	C:\WINDOWS\System32\WS2_32.dll
0x00007ff901470000 - 0x00007ff901482000 	C:\WINDOWS\SYSTEM32\kernel.appcore.dll
0x00007ff8fc1e0000 - 0x00007ff8fc1f1000 	C:\AndroidStudio\jre\bin\verify.dll
0x00007ff900e00000 - 0x00007ff900fe4000 	C:\WINDOWS\SYSTEM32\DBGHELP.DLL
0x00007ff8fb190000 - 0x00007ff8fb1bc000 	C:\WINDOWS\SYSTEM32\dbgcore.DLL
0x00007ff902920000 - 0x00007ff9029a2000 	C:\WINDOWS\System32\bcryptPrimitives.dll
0x00007ff8ec6a0000 - 0x00007ff8ec6c9000 	C:\AndroidStudio\jre\bin\java.dll
0x00007ff8fd2d0000 - 0x00007ff8fd2db000 	C:\AndroidStudio\jre\bin\jimage.dll
0x00007ff8fc150000 - 0x00007ff8fc15f000 	C:\AndroidStudio\jre\bin\instrument.dll
0x00007ff8f5df0000 - 0x00007ff8f5e08000 	C:\AndroidStudio\jre\bin\zip.dll

dbghelp: loaded successfully - version: 4.0.5 - missing functions: none
symbol engine: initialized successfully - sym options: 0x614 - pdb path: .;C:\AndroidStudio\jre\bin;C:\WINDOWS\SYSTEM32;C:\WINDOWS\WinSxS\amd64_microsoft.windows.common-controls_6595b64144ccf1df_6.0.19041.1110_none_60b5254171f9507e;C:\AndroidStudio\jre\bin\server

VM Arguments:
jvm_args: -ea -Didea.test.cyclic.buffer.size=1048576 -javaagent:C:\AndroidStudio\lib\idea_rt.jar=54274:C:\AndroidStudio\bin -Dfile.encoding=UTF-8 
java_command: com.intellij.rt.junit.JUnitStarter -ideVersion5 -junit4 com.armius.dicoding.storyapp.ui.login.LoginViewModelTest
java_class_path (initial): C:\AndroidStudio\lib\idea_rt.jar;C:\AndroidStudio\plugins\junit\lib\junit5-rt.jar;C:\AndroidStudio\plugins\junit\lib\junit-rt.jar;C:\Users\ASUS\AppData\Local\Android\Sdk\platforms\android-31\data\res;D:\KotlinProject\StoryApp\app\build\intermediates\javac\debug\classes;D:\KotlinProject\StoryApp\app\build\intermediates\compile_and_runtime_not_namespaced_r_class_jar\debug\R.jar;D:\KotlinProject\StoryApp\app\build\tmp\kotlin-classes\debugUnitTest;D:\KotlinProject\StoryApp\app\build\tmp\kapt3\classes\debugUnitTest;D:\KotlinProject\StoryApp\app\build\tmp\kapt3\classes\debugAndroidTest;D:\KotlinProject\StoryApp\app\build\tmp\kotlin-classes\debugAndroidTest;D:\KotlinProject\StoryApp\app\build\intermediates\compile_and_runtime_not_namespaced_r_class_jar\debugAndroidTest\R.jar;D:\KotlinProject\StoryApp\app\build\generated\res\resValues\androidTest\debug;D:\KotlinProject\StoryApp\app\build\tmp\kapt3\classes\debug;D:\KotlinProject\StoryApp\app\build\tmp\kotlin-classes\debug;D:\KotlinProject\StoryApp\app\build\generated\res\resValues\debug;C:\Users\ASUS\.gradle\caches\modules-2\files-2.1\junit\junit\4.13.2\8ac9e16d933b6fb43bc7f576336b8f4d7eb5ba12\junit-4.13.2.jar;C:\Users\ASUS\.gradle\caches\modules-2\files-2.1\org.hamcrest\hamcrest-core\1.3\42a25dc3219429f0e5d060061f71acb49bf010a0\hamcrest-core-1.3.jar;C:\Users\ASUS\.gradle\caches\modules-2\files-2.1\org.junit.platform\junit-platform-commons\1.8.2\32c8b8617c1342376fd5af2053da6410d8866861\junit-platform-commons-1.8.2.jar;C:\Users\ASUS\.gradle\caches\modules-2\files-2.1\org.junit.jupiter\junit-jupiter-api\5.8.2\4c21029217adf07e4c0d0c5e192b6bf610c94bdc\junit-jupiter-api-5.8.2.jar;C:\Users\ASUS\.gradle\caches\modules-2\files-2.1\org.opentest4j\opentest4j\1.2.0\28c11eb91f9b6d8e200631d46e20a7f407f2a046\opentest4j-1.2.0.jar;C:\Users\ASUS\.gradle\caches\modules-2\files-2.1\org.mockito\mockito-inline\3.12.4\3d1dffee9a8a1998ec782383ca2f818848f2d5f1\mockito-inline-3.12.4.jar;C:\Users\ASUS\.gradle\caches\modul
Launcher Type: SUN_STANDARD

[Global flags]
     intx CICompilerCount                          = 3                                         {product} {ergonomic}
     uint ConcGCThreads                            = 1                                         {product} {ergonomic}
     uint G1ConcRefinementThreads                  = 4                                         {product} {ergonomic}
   size_t G1HeapRegionSize                         = 1048576                                   {product} {ergonomic}
    uintx GCDrainStackTargetSize                   = 64                                        {product} {ergonomic}
   size_t InitialHeapSize                          = 268435456                                 {product} {ergonomic}
   size_t MarkStackSize                            = 4194304                                   {product} {ergonomic}
   size_t MaxHeapSize                              = 4265607168                                {product} {ergonomic}
   size_t MinHeapDeltaBytes                        = 1048576                                   {product} {ergonomic}
    uintx NonNMethodCodeHeapSize                   = 5830732                                {pd product} {ergonomic}
    uintx NonProfiledCodeHeapSize                  = 122913754                              {pd product} {ergonomic}
    uintx ProfiledCodeHeapSize                     = 122913754                              {pd product} {ergonomic}
    uintx ReservedCodeCacheSize                    = 251658240                              {pd product} {ergonomic}
     bool SegmentedCodeCache                       = true                                      {product} {ergonomic}
     bool UseCompressedClassPointers               = true                                 {lp64_product} {ergonomic}
     bool UseCompressedOops                        = true                                 {lp64_product} {ergonomic}
     bool UseG1GC                                  = true                                      {product} {ergonomic}
     bool UseLargePagesIndividualAllocation        = false                                  {pd product} {ergonomic}

Logging:
Log output configuration:
 #0: stdout all=warning uptime,level,tags
 #1: stderr all=off uptime,level,tags

Environment Variables:
PATH=C:\Gradle\gradle-6.6\bin;C:\Program Files\Common Files\Oracle\Java\javapath;C:\Program Files (x86)\Common Files\Intel\Shared Libraries\redist\intel64\compiler;C:\Program Files (x86)\Intel\iCLS Client\;C:\Program Files\Intel\iCLS Client\;C:\Windows\system32;C:\Windows;C:\Windows\System32\Wbem;C:\Windows\System32\WindowsPowerShell\v1.0\;C:\Program Files (x86)\Intel\Intel(R) Management Engine Components\DAL;C:\Program Files\Intel\Intel(R) Management Engine Components\DAL;C:\Program Files (x86)\Intel\Intel(R) Management Engine Components\IPT;C:\Program Files\Intel\Intel(R) Management Engine Components\IPT;C:\Program Files (x86)\NVIDIA Corporation\PhysX\Common;C:\WINDOWS\system32;C:\WINDOWS;C:\WINDOWS\System32\Wbem;C:\WINDOWS\System32\WindowsPowerShell\v1.0\;C:\WINDOWS\System32\OpenSSH\;C:\FPC\3.0.4\bin\i386-Win32;C:\OpenSSL-Win64\bin;C:\Program Files\Go\bin;C:\Program Files\Git\cmd;C:\Program Files (x86)\EaseUS\Todo Backup\bin;C:\ffmpeg\bin;C:\Program Files\dotnet\;C:\Program Files\Docker\Docker\resources\bin;C:\ProgramData\DockerDesktop\version-bin;C:\Program Files\nodejs\;C:\Users\ASUS\AppData\Local\Android\Sdk\platform-tools;C:\ffmpeg\bin;C:\Users\ASUS\AppData\Local\Microsoft\WindowsApps;C:\Users\ASUS\AppData\Local\Programs\Microsoft VS Code\bin;C:\Users\ASUS\go\bin;C:\Users\ASUS\AppData\Local\GitHubDesktop\bin;C:\flutter1226\bin;C:\Users\ASUS\.dotnet\tools;C:\Users\ASUS\AppData\Roaming\npm
USERNAME=ASUS
OS=Windows_NT
PROCESSOR_IDENTIFIER=Intel64 Family 6 Model 142 Stepping 9, GenuineIntel



---------------  S Y S T E M  ---------------

OS: Windows 10 , 64 bit Build 19041 (10.0.19041.1889)
OS uptime: 13 days 9:16 hours
HyperV virtualization detected

CPU:total 4 (initial active 4) (2 cores per cpu, 2 threads per core) family 6 model 142 stepping 9, cmov, cx8, fxsr, mmx, sse, sse2, sse3, ssse3, sse4.1, sse4.2, popcnt, avx, avx2, aes, clmul, erms, 3dnowpref, lzcnt, ht, tsc, tscinvbit, bmi1, bmi2, adx, fma

Memory: 4k page, system-wide physical 16269M (2417M free)
TotalPageFile size 28557M (AvailPageFile size 250M)
current process WorkingSet (physical memory assigned to process): 10M, peak: 10M
current process commit charge ("private bytes"): 52M, peak: 308M

vm_info: OpenJDK 64-Bit Server VM (11.0.8+10-b944.6842174) for windows-amd64 JRE (11.0.8+10-b944.6842174), built on Sep 19 2020 01:11:42 by "builder" with MS VC++ 14.0 (VS2015)

END.
